build/app/intermediates/manifest_merge_blame_file/release/processReleaseMainManifest/manifest-merger-blame-release-report.txt
1<?xml version="1.0" encoding="utf-8"?>
2<manifest xmlns:android="http://schemas.android.com/apk/res/android"
3    package="com.example.mapp"
4    android:versionCode="1"
5    android:versionName="1.0.0" >
6
7    <uses-sdk
8        android:minSdkVersion="23"
9        android:targetSdkVersion="34" />
10
11    <uses-permission android:name="android.permission.ACCESS_FINE_LOCATION" />
11-->src/main/AndroidManifest.xml:4:5-78
11-->src/main/AndroidManifest.xml:4:22-76
12    <uses-permission android:name="android.permission.ACCESS_COARSE_LOCATION" />
12-->src/main/AndroidManifest.xml:5:5-80
12-->src/main/AndroidManifest.xml:5:22-78
13    <uses-permission android:name="android.permission.INTERNET" />
13-->src/main/AndroidManifest.xml:6:5-66
13-->src/main/AndroidManifest.xml:6:22-64
14    <uses-permission android:name="android.permission.ACCESS_NETWORK_STATE" />
14-->src/main/AndroidManifest.xml:7:5-78
14-->src/main/AndroidManifest.xml:7:22-76
15
16    <queries>
16-->src/main/AndroidManifest.xml:88:5-105:15
17        <intent>
17-->src/main/AndroidManifest.xml:89:9-92:18
18            <action android:name="android.intent.action.PROCESS_TEXT" />
18-->src/main/AndroidManifest.xml:90:13-72
18-->src/main/AndroidManifest.xml:90:21-70
19
20            <data android:mimeType="text/plain" />
20-->src/main/AndroidManifest.xml:91:13-50
20-->src/main/AndroidManifest.xml:91:19-48
21        </intent>
22
23        <!-- YouTube query intents -->
24        <intent>
24-->src/main/AndroidManifest.xml:95:9-99:18
25            <action android:name="android.intent.action.VIEW" />
25-->src/main/AndroidManifest.xml:96:13-64
25-->src/main/AndroidManifest.xml:96:21-62
26
27            <data android:scheme="http" />
27-->src/main/AndroidManifest.xml:91:13-50
27-->src/main/AndroidManifest.xml:45:23-44
28            <data android:host="www.youtube.com" />
28-->src/main/AndroidManifest.xml:91:13-50
28-->src/main/AndroidManifest.xml:45:45-75
29        </intent>
30        <intent>
30-->src/main/AndroidManifest.xml:100:9-104:18
31            <action android:name="android.intent.action.VIEW" />
31-->src/main/AndroidManifest.xml:96:13-64
31-->src/main/AndroidManifest.xml:96:21-62
32
33            <data android:scheme="https" />
33-->src/main/AndroidManifest.xml:91:13-50
33-->src/main/AndroidManifest.xml:45:23-44
34            <data android:host="youtube.com" />
34-->src/main/AndroidManifest.xml:91:13-50
34-->src/main/AndroidManifest.xml:45:45-75
35        </intent>
36        <intent>
36-->[:flutter_inappwebview_android] AndroidManifest.xml:8:9-10:18
37            <action android:name="android.support.customtabs.action.CustomTabsService" />
37-->[:flutter_inappwebview_android] AndroidManifest.xml:9:13-90
37-->[:flutter_inappwebview_android] AndroidManifest.xml:9:21-87
38        </intent> <!-- Needs to be explicitly declared on Android R+ -->
39        <package android:name="com.google.android.apps.maps" />
39-->[com.google.android.gms:play-services-maps:19.2.0] AndroidManifest.xml:29:7-61
39-->[com.google.android.gms:play-services-maps:19.2.0] AndroidManifest.xml:29:16-59
40    </queries>
41
42    <uses-feature
42-->[com.google.android.gms:play-services-maps:19.2.0] AndroidManifest.xml:22:5-24:33
43        android:glEsVersion="0x00020000"
43-->[com.google.android.gms:play-services-maps:19.2.0] AndroidManifest.xml:23:8-40
44        android:required="true" />
44-->[com.google.android.gms:play-services-maps:19.2.0] AndroidManifest.xml:24:8-31
45
46    <permission
46-->[androidx.core:core:1.16.0] AndroidManifest.xml:22:5-24:47
47        android:name="com.example.mapp.DYNAMIC_RECEIVER_NOT_EXPORTED_PERMISSION"
47-->[androidx.core:core:1.16.0] AndroidManifest.xml:23:9-81
48        android:protectionLevel="signature" />
48-->[androidx.core:core:1.16.0] AndroidManifest.xml:24:9-44
49
50    <uses-permission android:name="com.example.mapp.DYNAMIC_RECEIVER_NOT_EXPORTED_PERMISSION" />
50-->[androidx.core:core:1.16.0] AndroidManifest.xml:26:5-97
50-->[androidx.core:core:1.16.0] AndroidManifest.xml:26:22-94
51
52    <application
53        android:name="android.app.Application"
53-->src/main/AndroidManifest.xml:11:9-42
54        android:appComponentFactory="androidx.core.app.CoreComponentFactory"
54-->[androidx.core:core:1.16.0] AndroidManifest.xml:28:18-86
55        android:extractNativeLibs="false"
56        android:hardwareAccelerated="true"
56-->src/main/AndroidManifest.xml:13:9-43
57        android:icon="@mipmap/ic_launcher"
57-->src/main/AndroidManifest.xml:12:9-43
58        android:label="mapp"
58-->src/main/AndroidManifest.xml:10:9-29
59        android:launchMode="singleTop"
59-->src/main/AndroidManifest.xml:14:9-39
60        android:usesCleartextTraffic="true" >
60-->src/main/AndroidManifest.xml:15:9-44
61        <meta-data
61-->src/main/AndroidManifest.xml:17:9-19:70
62            android:name="com.google.android.geo.API_KEY"
62-->src/main/AndroidManifest.xml:18:13-58
63            android:value="AIzaSyAn8mjrj8FCEzc1nmlKhUj998wuLThGVMg" />
63-->src/main/AndroidManifest.xml:19:13-68
64
65        <activity
65-->src/main/AndroidManifest.xml:21:9-69:20
66            android:name="com.example.mapp.MainActivity"
66-->src/main/AndroidManifest.xml:22:13-41
67            android:configChanges="orientation|keyboardHidden|keyboard|screenSize|smallestScreenSize|locale|layoutDirection|fontScale|screenLayout|density|uiMode"
67-->src/main/AndroidManifest.xml:25:13-163
68            android:exported="true"
68-->src/main/AndroidManifest.xml:23:13-36
69            android:hardwareAccelerated="true"
69-->src/main/AndroidManifest.xml:26:13-47
70            android:launchMode="singleTop"
70-->src/main/AndroidManifest.xml:24:13-43
71            android:theme="@style/LaunchTheme"
71-->src/main/AndroidManifest.xml:27:13-47
72            android:windowSoftInputMode="adjustResize" >
72-->src/main/AndroidManifest.xml:28:13-55
73            <meta-data
73-->src/main/AndroidManifest.xml:30:13-32:56
74                android:name="io.flutter.embedding.android.NormalTheme"
74-->src/main/AndroidManifest.xml:31:17-72
75                android:resource="@style/NormalTheme" />
75-->src/main/AndroidManifest.xml:32:17-54
76
77            <intent-filter>
77-->src/main/AndroidManifest.xml:34:13-37:29
78                <action android:name="android.intent.action.MAIN" />
78-->src/main/AndroidManifest.xml:35:17-68
78-->src/main/AndroidManifest.xml:35:25-66
79
80                <category android:name="android.intent.category.LAUNCHER" />
80-->src/main/AndroidManifest.xml:36:17-76
80-->src/main/AndroidManifest.xml:36:27-74
81            </intent-filter>
82
83            <!-- Separate intent-filters to fix INSTALL_PARSE_FAILED_MANIFEST_MALFORMED -->
84
85            <intent-filter>
85-->src/main/AndroidManifest.xml:41:13-46:29
86                <action android:name="android.intent.action.VIEW" />
86-->src/main/AndroidManifest.xml:96:13-64
86-->src/main/AndroidManifest.xml:96:21-62
87
88                <category android:name="android.intent.category.DEFAULT" />
88-->src/main/AndroidManifest.xml:43:17-75
88-->src/main/AndroidManifest.xml:43:27-73
89                <category android:name="android.intent.category.BROWSABLE" />
89-->src/main/AndroidManifest.xml:44:17-77
89-->src/main/AndroidManifest.xml:44:27-75
90
91                <data
91-->src/main/AndroidManifest.xml:91:13-50
92                    android:host="www.youtube.com"
92-->src/main/AndroidManifest.xml:45:45-75
93                    android:pathPattern="/watch"
93-->src/main/AndroidManifest.xml:45:76-104
94                    android:scheme="http" />
94-->src/main/AndroidManifest.xml:45:23-44
95            </intent-filter>
96            <intent-filter>
96-->src/main/AndroidManifest.xml:48:13-53:29
97                <action android:name="android.intent.action.VIEW" />
97-->src/main/AndroidManifest.xml:96:13-64
97-->src/main/AndroidManifest.xml:96:21-62
98
99                <category android:name="android.intent.category.DEFAULT" />
99-->src/main/AndroidManifest.xml:43:17-75
99-->src/main/AndroidManifest.xml:43:27-73
100                <category android:name="android.intent.category.BROWSABLE" />
100-->src/main/AndroidManifest.xml:44:17-77
100-->src/main/AndroidManifest.xml:44:27-75
101
102                <data
102-->src/main/AndroidManifest.xml:91:13-50
103                    android:host="www.youtube.com"
103-->src/main/AndroidManifest.xml:45:45-75
104                    android:pathPattern="/watch"
104-->src/main/AndroidManifest.xml:45:76-104
105                    android:scheme="https" />
105-->src/main/AndroidManifest.xml:45:23-44
106            </intent-filter>
107            <intent-filter>
107-->src/main/AndroidManifest.xml:55:13-60:29
108                <action android:name="android.intent.action.VIEW" />
108-->src/main/AndroidManifest.xml:96:13-64
108-->src/main/AndroidManifest.xml:96:21-62
109
110                <category android:name="android.intent.category.DEFAULT" />
110-->src/main/AndroidManifest.xml:43:17-75
110-->src/main/AndroidManifest.xml:43:27-73
111                <category android:name="android.intent.category.BROWSABLE" />
111-->src/main/AndroidManifest.xml:44:17-77
111-->src/main/AndroidManifest.xml:44:27-75
112
113                <data
113-->src/main/AndroidManifest.xml:91:13-50
114                    android:host="youtube.com"
114-->src/main/AndroidManifest.xml:45:45-75
115                    android:pathPattern="/watch"
115-->src/main/AndroidManifest.xml:45:76-104
116                    android:scheme="https" />
116-->src/main/AndroidManifest.xml:45:23-44
117            </intent-filter>
118            <intent-filter>
118-->src/main/AndroidManifest.xml:62:13-67:29
119                <action android:name="android.intent.action.VIEW" />
119-->src/main/AndroidManifest.xml:96:13-64
119-->src/main/AndroidManifest.xml:96:21-62
120
121                <category android:name="android.intent.category.DEFAULT" />
121-->src/main/AndroidManifest.xml:43:17-75
121-->src/main/AndroidManifest.xml:43:27-73
122                <category android:name="android.intent.category.BROWSABLE" />
122-->src/main/AndroidManifest.xml:44:17-77
122-->src/main/AndroidManifest.xml:44:27-75
123
124                <data
124-->src/main/AndroidManifest.xml:91:13-50
125                    android:host="m.youtube.com"
125-->src/main/AndroidManifest.xml:45:45-75
126                    android:pathPattern="/watch"
126-->src/main/AndroidManifest.xml:45:76-104
127                    android:scheme="https" />
127-->src/main/AndroidManifest.xml:45:23-44
128            </intent-filter>
129        </activity>
130
131        <!-- Required for Flutter plugins -->
132        <meta-data
132-->src/main/AndroidManifest.xml:72:9-74:32
133            android:name="flutterEmbedding"
133-->src/main/AndroidManifest.xml:73:13-44
134            android:value="2" />
134-->src/main/AndroidManifest.xml:74:13-30
135
136        <!-- FileProvider for sharing files -->
137        <provider
138            android:name="androidx.core.content.FileProvider"
138-->src/main/AndroidManifest.xml:78:13-62
139            android:authorities="com.example.mapp.fileprovider"
139-->src/main/AndroidManifest.xml:79:13-64
140            android:exported="false"
140-->src/main/AndroidManifest.xml:80:13-37
141            android:grantUriPermissions="true" >
141-->src/main/AndroidManifest.xml:81:13-47
142            <meta-data
142-->src/main/AndroidManifest.xml:82:13-84:53
143                android:name="android.support.FILE_PROVIDER_PATHS"
143-->src/main/AndroidManifest.xml:83:17-67
144                android:resource="@xml/file_paths" />
144-->src/main/AndroidManifest.xml:84:17-51
145        </provider>
146
147        <service
147-->[:location] AndroidManifest.xml:11:9-15:56
148            android:name="com.lyokone.location.FlutterLocationService"
148-->[:location] AndroidManifest.xml:12:13-71
149            android:enabled="true"
149-->[:location] AndroidManifest.xml:13:13-35
150            android:exported="false"
150-->[:location] AndroidManifest.xml:14:13-37
151            android:foregroundServiceType="location" />
151-->[:location] AndroidManifest.xml:15:13-53
152        <service
152-->[:geolocator_android] AndroidManifest.xml:8:9-12:56
153            android:name="com.baseflow.geolocator.GeolocatorLocationService"
153-->[:geolocator_android] AndroidManifest.xml:9:13-77
154            android:enabled="true"
154-->[:geolocator_android] AndroidManifest.xml:10:13-35
155            android:exported="false"
155-->[:geolocator_android] AndroidManifest.xml:11:13-37
156            android:foregroundServiceType="location" />
156-->[:geolocator_android] AndroidManifest.xml:12:13-53
157
158        <activity
158-->[:flutter_inappwebview_android] AndroidManifest.xml:14:9-18:47
159            android:name="com.pichillilorenzo.flutter_inappwebview_android.in_app_browser.InAppBrowserActivity"
159-->[:flutter_inappwebview_android] AndroidManifest.xml:15:13-112
160            android:configChanges="orientation|keyboardHidden|keyboard|screenSize|locale|layoutDirection|fontScale|screenLayout|density"
160-->[:flutter_inappwebview_android] AndroidManifest.xml:16:13-137
161            android:exported="false"
161-->[:flutter_inappwebview_android] AndroidManifest.xml:17:13-37
162            android:theme="@style/AppTheme" />
162-->[:flutter_inappwebview_android] AndroidManifest.xml:18:13-44
163        <activity
163-->[:flutter_inappwebview_android] AndroidManifest.xml:19:9-22:55
164            android:name="com.pichillilorenzo.flutter_inappwebview_android.chrome_custom_tabs.ChromeCustomTabsActivity"
164-->[:flutter_inappwebview_android] AndroidManifest.xml:20:13-120
165            android:exported="false"
165-->[:flutter_inappwebview_android] AndroidManifest.xml:21:13-37
166            android:theme="@style/ThemeTransparent" />
166-->[:flutter_inappwebview_android] AndroidManifest.xml:22:13-52
167        <activity
167-->[:flutter_inappwebview_android] AndroidManifest.xml:23:9-26:55
168            android:name="com.pichillilorenzo.flutter_inappwebview_android.chrome_custom_tabs.TrustedWebActivity"
168-->[:flutter_inappwebview_android] AndroidManifest.xml:24:13-114
169            android:exported="false"
169-->[:flutter_inappwebview_android] AndroidManifest.xml:25:13-37
170            android:theme="@style/ThemeTransparent" />
170-->[:flutter_inappwebview_android] AndroidManifest.xml:26:13-52
171        <activity
171-->[:flutter_inappwebview_android] AndroidManifest.xml:27:9-31:55
172            android:name="com.pichillilorenzo.flutter_inappwebview_android.chrome_custom_tabs.ChromeCustomTabsActivitySingleInstance"
172-->[:flutter_inappwebview_android] AndroidManifest.xml:28:13-134
173            android:exported="false"
173-->[:flutter_inappwebview_android] AndroidManifest.xml:29:13-37
174            android:launchMode="singleInstance"
174-->[:flutter_inappwebview_android] AndroidManifest.xml:30:13-48
175            android:theme="@style/ThemeTransparent" />
175-->[:flutter_inappwebview_android] AndroidManifest.xml:31:13-52
176        <activity
176-->[:flutter_inappwebview_android] AndroidManifest.xml:32:9-36:55
177            android:name="com.pichillilorenzo.flutter_inappwebview_android.chrome_custom_tabs.TrustedWebActivitySingleInstance"
177-->[:flutter_inappwebview_android] AndroidManifest.xml:33:13-128
178            android:exported="false"
178-->[:flutter_inappwebview_android] AndroidManifest.xml:34:13-37
179            android:launchMode="singleInstance"
179-->[:flutter_inappwebview_android] AndroidManifest.xml:35:13-48
180            android:theme="@style/ThemeTransparent" />
180-->[:flutter_inappwebview_android] AndroidManifest.xml:36:13-52
181
182        <receiver
182-->[:flutter_inappwebview_android] AndroidManifest.xml:38:9-41:40
183            android:name="com.pichillilorenzo.flutter_inappwebview_android.chrome_custom_tabs.ActionBroadcastReceiver"
183-->[:flutter_inappwebview_android] AndroidManifest.xml:39:13-119
184            android:enabled="true"
184-->[:flutter_inappwebview_android] AndroidManifest.xml:40:13-35
185            android:exported="false" />
185-->[:flutter_inappwebview_android] AndroidManifest.xml:41:13-37
186
187        <meta-data
187-->[:flutter_inappwebview_android] AndroidManifest.xml:43:9-45:36
188            android:name="io.flutter.embedded_views_preview"
188-->[:flutter_inappwebview_android] AndroidManifest.xml:44:13-61
189            android:value="true" />
189-->[:flutter_inappwebview_android] AndroidManifest.xml:45:13-33
190
191        <activity
191-->[:url_launcher_android] AndroidManifest.xml:8:9-11:74
192            android:name="io.flutter.plugins.urllauncher.WebViewActivity"
192-->[:url_launcher_android] AndroidManifest.xml:9:13-74
193            android:exported="false"
193-->[:url_launcher_android] AndroidManifest.xml:10:13-37
194            android:theme="@android:style/Theme.NoTitleBar.Fullscreen" />
194-->[:url_launcher_android] AndroidManifest.xml:11:13-71
195
196        <provider
196-->[androidx.emoji2:emoji2:1.2.0] AndroidManifest.xml:24:9-32:20
197            android:name="androidx.startup.InitializationProvider"
197-->[androidx.emoji2:emoji2:1.2.0] AndroidManifest.xml:25:13-67
198            android:authorities="com.example.mapp.androidx-startup"
198-->[androidx.emoji2:emoji2:1.2.0] AndroidManifest.xml:26:13-68
199            android:exported="false" >
199-->[androidx.emoji2:emoji2:1.2.0] AndroidManifest.xml:27:13-37
200            <meta-data
200-->[androidx.emoji2:emoji2:1.2.0] AndroidManifest.xml:29:13-31:52
201                android:name="androidx.emoji2.text.EmojiCompatInitializer"
201-->[androidx.emoji2:emoji2:1.2.0] AndroidManifest.xml:30:17-75
202                android:value="androidx.startup" />
202-->[androidx.emoji2:emoji2:1.2.0] AndroidManifest.xml:31:17-49
203            <meta-data
203-->[androidx.lifecycle:lifecycle-process:2.7.0] AndroidManifest.xml:29:13-31:52
204                android:name="androidx.lifecycle.ProcessLifecycleInitializer"
204-->[androidx.lifecycle:lifecycle-process:2.7.0] AndroidManifest.xml:30:17-78
205                android:value="androidx.startup" />
205-->[androidx.lifecycle:lifecycle-process:2.7.0] AndroidManifest.xml:31:17-49
206            <meta-data
206-->[androidx.profileinstaller:profileinstaller:1.3.1] AndroidManifest.xml:29:13-31:52
207                android:name="androidx.profileinstaller.ProfileInstallerInitializer"
207-->[androidx.profileinstaller:profileinstaller:1.3.1] AndroidManifest.xml:30:17-85
208                android:value="androidx.startup" />
208-->[androidx.profileinstaller:profileinstaller:1.3.1] AndroidManifest.xml:31:17-49
209        </provider>
210
211        <uses-library
211-->[androidx.window:window:1.2.0] AndroidManifest.xml:23:9-25:40
212            android:name="androidx.window.extensions"
212-->[androidx.window:window:1.2.0] AndroidManifest.xml:24:13-54
213            android:required="false" />
213-->[androidx.window:window:1.2.0] AndroidManifest.xml:25:13-37
214        <uses-library
214-->[androidx.window:window:1.2.0] AndroidManifest.xml:26:9-28:40
215            android:name="androidx.window.sidecar"
215-->[androidx.window:window:1.2.0] AndroidManifest.xml:27:13-51
216            android:required="false" /> <!-- Needs to be explicitly declared on P+ -->
216-->[androidx.window:window:1.2.0] AndroidManifest.xml:28:13-37
217        <uses-library
217-->[com.google.android.gms:play-services-maps:19.2.0] AndroidManifest.xml:33:7-86
218            android:name="org.apache.http.legacy"
218-->[com.google.android.gms:play-services-maps:19.2.0] AndroidManifest.xml:33:21-58
219            android:required="false" />
219-->[com.google.android.gms:play-services-maps:19.2.0] AndroidManifest.xml:33:59-83
220
221        <activity
221-->[com.google.android.gms:play-services-base:18.5.0] AndroidManifest.xml:5:9-173
222            android:name="com.google.android.gms.common.api.GoogleApiActivity"
222-->[com.google.android.gms:play-services-base:18.5.0] AndroidManifest.xml:5:19-85
223            android:exported="false"
223-->[com.google.android.gms:play-services-base:18.5.0] AndroidManifest.xml:5:146-170
224            android:theme="@android:style/Theme.Translucent.NoTitleBar" />
224-->[com.google.android.gms:play-services-base:18.5.0] AndroidManifest.xml:5:86-145
225
226        <meta-data
226-->[com.google.android.gms:play-services-basement:18.4.0] AndroidManifest.xml:6:9-122
227            android:name="com.google.android.gms.version"
227-->[com.google.android.gms:play-services-basement:18.4.0] AndroidManifest.xml:6:20-65
228            android:value="@integer/google_play_services_version" />
228-->[com.google.android.gms:play-services-basement:18.4.0] AndroidManifest.xml:6:66-119
229
230        <receiver
230-->[androidx.profileinstaller:profileinstaller:1.3.1] AndroidManifest.xml:34:9-52:20
231            android:name="androidx.profileinstaller.ProfileInstallReceiver"
231-->[androidx.profileinstaller:profileinstaller:1.3.1] AndroidManifest.xml:35:13-76
232            android:directBootAware="false"
232-->[androidx.profileinstaller:profileinstaller:1.3.1] AndroidManifest.xml:36:13-44
233            android:enabled="true"
233-->[androidx.profileinstaller:profileinstaller:1.3.1] AndroidManifest.xml:37:13-35
234            android:exported="true"
234-->[androidx.profileinstaller:profileinstaller:1.3.1] AndroidManifest.xml:38:13-36
235            android:permission="android.permission.DUMP" >
235-->[androidx.profileinstaller:profileinstaller:1.3.1] AndroidManifest.xml:39:13-57
236            <intent-filter>
236-->[androidx.profileinstaller:profileinstaller:1.3.1] AndroidManifest.xml:40:13-42:29
237                <action android:name="androidx.profileinstaller.action.INSTALL_PROFILE" />
237-->[androidx.profileinstaller:profileinstaller:1.3.1] AndroidManifest.xml:41:17-91
237-->[androidx.profileinstaller:profileinstaller:1.3.1] AndroidManifest.xml:41:25-88
238            </intent-filter>
239            <intent-filter>
239-->[androidx.profileinstaller:profileinstaller:1.3.1] AndroidManifest.xml:43:13-45:29
240                <action android:name="androidx.profileinstaller.action.SKIP_FILE" />
240-->[androidx.profileinstaller:profileinstaller:1.3.1] AndroidManifest.xml:44:17-85
240-->[androidx.profileinstaller:profileinstaller:1.3.1] AndroidManifest.xml:44:25-82
241            </intent-filter>
242            <intent-filter>
242-->[androidx.profileinstaller:profileinstaller:1.3.1] AndroidManifest.xml:46:13-48:29
243                <action android:name="androidx.profileinstaller.action.SAVE_PROFILE" />
243-->[androidx.profileinstaller:profileinstaller:1.3.1] AndroidManifest.xml:47:17-88
243-->[androidx.profileinstaller:profileinstaller:1.3.1] AndroidManifest.xml:47:25-85
244            </intent-filter>
245            <intent-filter>
245-->[androidx.profileinstaller:profileinstaller:1.3.1] AndroidManifest.xml:49:13-51:29
246                <action android:name="androidx.profileinstaller.action.BENCHMARK_OPERATION" />
246-->[androidx.profileinstaller:profileinstaller:1.3.1] AndroidManifest.xml:50:17-95
246-->[androidx.profileinstaller:profileinstaller:1.3.1] AndroidManifest.xml:50:25-92
247            </intent-filter>
248        </receiver>
249    </application>
250
251</manifest>